{
  "stats": {
    "suites": 1,
    "tests": 1,
    "passes": 1,
    "pending": 0,
    "failures": 0,
    "start": "2022-12-08T17:25:39.682Z",
    "end": "2022-12-08T17:25:43.674Z",
    "duration": 3992,
    "testsRegistered": 1,
    "passPercent": 100,
    "pendingPercent": 0,
    "other": 0,
    "hasOther": false,
    "skipped": 0,
    "hasSkipped": false
  },
  "results": [
    {
      "uuid": "25dd105a-9c17-49c7-b674-8f5560eb0cb9",
      "title": "",
      "fullFile": "cypress/integration/project.spec.js",
      "file": "cypress/integration/project.spec.js",
      "beforeHooks": [],
      "afterHooks": [],
      "tests": [],
      "suites": [
        {
          "uuid": "d59007ee-c72c-4c1e-b574-a852e053f18d",
          "title": "",
          "fullFile": "",
          "file": "",
          "beforeHooks": [],
          "afterHooks": [],
          "tests": [
            {
              "title": "Verifica se o texto na h1 é \"Soco a 80km/h: Conheça o Stomatopoda\"",
              "fullTitle": " Verifica se o texto na h1 é \"Soco a 80km/h: Conheça o Stomatopoda\"",
              "timedOut": null,
              "duration": 3681,
              "state": "passed",
              "speed": "slow",
              "pass": true,
              "fail": false,
              "pending": false,
              "context": null,
              "code": "cy.get('.header > h1').should('exist');",
              "err": {},
              "uuid": "09a49211-1a52-4acb-a578-d5a4ec20e59b",
              "parentUUID": "d59007ee-c72c-4c1e-b574-a852e053f18d",
              "isHook": false,
              "skipped": false
            }
          ],
          "suites": [],
          "passes": [
            "09a49211-1a52-4acb-a578-d5a4ec20e59b"
          ],
          "failures": [],
          "pending": [],
          "skipped": [],
          "duration": 3681,
          "root": false,
          "rootEmpty": false,
          "_timeout": 2000
        }
      ],
      "passes": [],
      "failures": [],
      "pending": [],
      "skipped": [],
      "duration": 0,
      "root": true,
      "rootEmpty": true,
      "_timeout": 2000
    }
  ],
  "meta": {
    "mocha": {
      "version": "7.0.1"
    },
    "mochawesome": {
      "options": {
        "quiet": false,
        "reportFilename": "mochawesome",
        "saveHtml": false,
        "saveJson": true,
        "consoleReporter": "spec",
        "useInlineDiffs": false
      },
      "version": "4.1.0"
    },
    "marge": {
      "options": {
        "id": "default",
        "reportDir": "cypress/reports",
        "overwrite": false,
        "html": false,
        "json": true
      },
      "version": "4.1.0"
    }
  }
}